<?xml version="1.0" encoding="UTF-8"?>
<!-- Generated by org.testng.reporters.JUnitReportReporter -->
<testsuite hostname="asda1704po02529" name="test.AppTest" tests="6" failures="0" timestamp="27 Jun 2018 09:08:07 GMT" time="2.786" errors="0">
  <testcase name="secondPage" time="1.726" classname="test.AppTest"/>
  <testcase name="fifthPage" time="0.172" classname="test.AppTest"/>
  <testcase name="firstPageRedBox" time="0.134" classname="test.AppTest"/>
  <testcase name="fourthPage" time="0.340" classname="test.AppTest"/>
  <testcase name="firstPage" time="0.144" classname="test.AppTest"/>
  <testcase name="thirdPage" time="0.270" classname="test.AppTest"/>
</testsuite> <!-- test.AppTest -->
